<?xml version="1.0" encoding="UTF-8"?>
<testsuite xmlns:xsi="http://www.w3.org/2001/XMLSchema-instance" xsi:noNamespaceSchemaLocation="https://maven.apache.org/surefire/maven-surefire-plugin/xsd/surefire-test-report.xsd" name="TestSuite" time="17.025" tests="2" errors="0" skipped="1" failures="0">
  <properties>
    <property name="sun.desktop" value="windows"/>
    <property name="awt.toolkit" value="sun.awt.windows.WToolkit"/>
    <property name="file.encoding.pkg" value="sun.io"/>
    <property name="java.specification.version" value="1.8"/>
    <property name="sun.cpu.isalist" value="amd64"/>
    <property name="sun.jnu.encoding" value="Cp1252"/>
    <property name="java.class.path" value="c:\java_projects\opencart\target\test-classes;c:\java_projects\opencart\target\classes;C:\java_projects\mvn_repo\org\apache\maven\plugins\maven-compiler-plugin\3.8.0\maven-compiler-plugin-3.8.0.jar;C:\java_projects\mvn_repo\org\apache\maven\maven-plugin-api\3.0\maven-plugin-api-3.0.jar;C:\java_projects\mvn_repo\org\apache\maven\maven-model\3.0\maven-model-3.0.jar;C:\java_projects\mvn_repo\org\sonatype\sisu\sisu-inject-plexus\1.4.2\sisu-inject-plexus-1.4.2.jar;C:\java_projects\mvn_repo\org\sonatype\sisu\sisu-inject-bean\1.4.2\sisu-inject-bean-1.4.2.jar;C:\java_projects\mvn_repo\org\sonatype\sisu\sisu-guice\2.1.7\sisu-guice-2.1.7-noaop.jar;C:\java_projects\mvn_repo\org\apache\maven\maven-artifact\3.0\maven-artifact-3.0.jar;C:\java_projects\mvn_repo\org\codehaus\plexus\plexus-utils\2.0.4\plexus-utils-2.0.4.jar;C:\java_projects\mvn_repo\org\apache\maven\maven-core\3.0\maven-core-3.0.jar;C:\java_projects\mvn_repo\org\apache\maven\maven-settings\3.0\maven-settings-3.0.jar;C:\java_projects\mvn_repo\org\apache\maven\maven-settings-builder\3.0\maven-settings-builder-3.0.jar;C:\java_projects\mvn_repo\org\apache\maven\maven-repository-metadata\3.0\maven-repository-metadata-3.0.jar;C:\java_projects\mvn_repo\org\apache\maven\maven-model-builder\3.0\maven-model-builder-3.0.jar;C:\java_projects\mvn_repo\org\apache\maven\maven-aether-provider\3.0\maven-aether-provider-3.0.jar;C:\java_projects\mvn_repo\org\sonatype\aether\aether-impl\1.7\aether-impl-1.7.jar;C:\java_projects\mvn_repo\org\sonatype\aether\aether-spi\1.7\aether-spi-1.7.jar;C:\java_projects\mvn_repo\org\sonatype\aether\aether-api\1.7\aether-api-1.7.jar;C:\java_projects\mvn_repo\org\sonatype\aether\aether-util\1.7\aether-util-1.7.jar;C:\java_projects\mvn_repo\org\codehaus\plexus\plexus-interpolation\1.14\plexus-interpolation-1.14.jar;C:\java_projects\mvn_repo\org\codehaus\plexus\plexus-classworlds\2.2.3\plexus-classworlds-2.2.3.jar;C:\java_projects\mvn_repo\org\codehaus\plexus\plexus-component-annotations\1.5.5\plexus-component-annotations-1.5.5.jar;C:\java_projects\mvn_repo\org\sonatype\plexus\plexus-sec-dispatcher\1.3\plexus-sec-dispatcher-1.3.jar;C:\java_projects\mvn_repo\org\sonatype\plexus\plexus-cipher\1.4\plexus-cipher-1.4.jar;C:\java_projects\mvn_repo\org\apache\maven\shared\maven-shared-utils\3.2.1\maven-shared-utils-3.2.1.jar;C:\java_projects\mvn_repo\org\apache\maven\shared\maven-shared-incremental\1.1\maven-shared-incremental-1.1.jar;C:\java_projects\mvn_repo\org\codehaus\plexus\plexus-java\0.9.10\plexus-java-0.9.10.jar;C:\java_projects\mvn_repo\org\ow2\asm\asm\6.2\asm-6.2.jar;C:\java_projects\mvn_repo\com\thoughtworks\qdox\qdox\2.0-M8\qdox-2.0-M8.jar;C:\java_projects\mvn_repo\org\codehaus\plexus\plexus-compiler-api\2.8.4\plexus-compiler-api-2.8.4.jar;C:\java_projects\mvn_repo\org\codehaus\plexus\plexus-compiler-manager\2.8.4\plexus-compiler-manager-2.8.4.jar;C:\java_projects\mvn_repo\org\codehaus\plexus\plexus-compiler-javac\2.8.4\plexus-compiler-javac-2.8.4.jar;C:\java_projects\mvn_repo\org\testng\testng\6.14.3\testng-6.14.3.jar;C:\java_projects\mvn_repo\com\beust\jcommander\1.72\jcommander-1.72.jar;C:\java_projects\mvn_repo\org\apache-extras\beanshell\bsh\2.0b6\bsh-2.0b6.jar;C:\java_projects\mvn_repo\org\seleniumhq\selenium\selenium-java\3.141.59\selenium-java-3.141.59.jar;C:\java_projects\mvn_repo\org\seleniumhq\selenium\selenium-api\3.141.59\selenium-api-3.141.59.jar;C:\java_projects\mvn_repo\org\seleniumhq\selenium\selenium-chrome-driver\3.141.59\selenium-chrome-driver-3.141.59.jar;C:\java_projects\mvn_repo\org\seleniumhq\selenium\selenium-edge-driver\3.141.59\selenium-edge-driver-3.141.59.jar;C:\java_projects\mvn_repo\org\seleniumhq\selenium\selenium-firefox-driver\3.141.59\selenium-firefox-driver-3.141.59.jar;C:\java_projects\mvn_repo\org\seleniumhq\selenium\selenium-ie-driver\3.141.59\selenium-ie-driver-3.141.59.jar;C:\java_projects\mvn_repo\org\seleniumhq\selenium\selenium-opera-driver\3.141.59\selenium-opera-driver-3.141.59.jar;C:\java_projects\mvn_repo\org\seleniumhq\selenium\selenium-remote-driver\3.141.59\selenium-remote-driver-3.141.59.jar;C:\java_projects\mvn_repo\org\seleniumhq\selenium\selenium-safari-driver\3.141.59\selenium-safari-driver-3.141.59.jar;C:\java_projects\mvn_repo\org\seleniumhq\selenium\selenium-support\3.141.59\selenium-support-3.141.59.jar;C:\java_projects\mvn_repo\net\bytebuddy\byte-buddy\1.8.15\byte-buddy-1.8.15.jar;C:\java_projects\mvn_repo\org\apache\commons\commons-exec\1.3\commons-exec-1.3.jar;C:\java_projects\mvn_repo\com\google\guava\guava\25.0-jre\guava-25.0-jre.jar;C:\java_projects\mvn_repo\com\google\code\findbugs\jsr305\1.3.9\jsr305-1.3.9.jar;C:\java_projects\mvn_repo\org\checkerframework\checker-compat-qual\2.0.0\checker-compat-qual-2.0.0.jar;C:\java_projects\mvn_repo\com\google\errorprone\error_prone_annotations\2.1.3\error_prone_annotations-2.1.3.jar;C:\java_projects\mvn_repo\com\google\j2objc\j2objc-annotations\1.1\j2objc-annotations-1.1.jar;C:\java_projects\mvn_repo\org\codehaus\mojo\animal-sniffer-annotations\1.14\animal-sniffer-annotations-1.14.jar;C:\java_projects\mvn_repo\com\squareup\okhttp3\okhttp\3.11.0\okhttp-3.11.0.jar;C:\java_projects\mvn_repo\com\squareup\okio\okio\1.14.0\okio-1.14.0.jar;C:\java_projects\mvn_repo\org\apache\poi\poi-ooxml\3.17\poi-ooxml-3.17.jar;C:\java_projects\mvn_repo\org\apache\poi\poi-ooxml-schemas\3.17\poi-ooxml-schemas-3.17.jar;C:\java_projects\mvn_repo\org\apache\xmlbeans\xmlbeans\2.6.0\xmlbeans-2.6.0.jar;C:\java_projects\mvn_repo\stax\stax-api\1.0.1\stax-api-1.0.1.jar;C:\java_projects\mvn_repo\com\github\virtuald\curvesapi\1.04\curvesapi-1.04.jar;C:\java_projects\mvn_repo\org\apache\poi\poi\3.17\poi-3.17.jar;C:\java_projects\mvn_repo\commons-codec\commons-codec\1.10\commons-codec-1.10.jar;C:\java_projects\mvn_repo\org\apache\commons\commons-collections4\4.1\commons-collections4-4.1.jar;C:\java_projects\mvn_repo\commons-io\commons-io\2.6\commons-io-2.6.jar;C:\java_projects\mvn_repo\com\relevantcodes\extentreports\2.40.2\extentreports-2.40.2.jar;C:\java_projects\mvn_repo\org\jsoup\jsoup\1.8.3\jsoup-1.8.3.jar;C:\java_projects\mvn_repo\org\xerial\sqlite-jdbc\3.8.11.1\sqlite-jdbc-3.8.11.1.jar;C:\java_projects\mvn_repo\org\freemarker\freemarker\2.3.23\freemarker-2.3.23.jar;C:\java_projects\mvn_repo\com\agiletestware\bumblebee-annotations\0.0.9\bumblebee-annotations-0.0.9.jar;C:\java_projects\mvn_repo\com\agiletestware\bumblebee-shared\0.1.0\bumblebee-shared-0.1.0.jar;C:\java_projects\mvn_repo\com\google\code\gson\gson\2.6.2\gson-2.6.2.jar;C:\java_projects\mvn_repo\org\seleniumhq\selenium\selenium-server\2.53.1\selenium-server-2.53.1.jar;C:\java_projects\mvn_repo\org\bouncycastle\bcprov-jdk15on\1.48\bcprov-jdk15on-1.48.jar;C:\java_projects\mvn_repo\org\bouncycastle\bcpkix-jdk15on\1.48\bcpkix-jdk15on-1.48.jar;C:\java_projects\mvn_repo\mx4j\mx4j-tools\3.0.1\mx4j-tools-3.0.1.jar;C:\java_projects\mvn_repo\org\seleniumhq\selenium\jetty-repacked\9.2.13.v20150730\jetty-repacked-9.2.13.v20150730.jar;C:\java_projects\mvn_repo\javax\servlet\javax.servlet-api\3.1.0\javax.servlet-api-3.1.0.jar;C:\java_projects\mvn_repo\org\seleniumhq\selenium\jetty-rc-repacked\5\jetty-rc-repacked-5.jar;C:\java_projects\mvn_repo\net\jcip\jcip-annotations\1.0\jcip-annotations-1.0.jar;C:\java_projects\mvn_repo\org\yaml\snakeyaml\1.8\snakeyaml-1.8.jar;C:\java_projects\mvn_repo\org\apache\commons\commons-lang3\3.8.1\commons-lang3-3.8.1.jar;C:\java_projects\mvn_repo\log4j\log4j\1.2.17\log4j-1.2.17.jar;C:\java_projects\mvn_repo\org\glassfish\jersey\core\jersey-client\2.24.1\jersey-client-2.24.1.jar;C:\java_projects\mvn_repo\javax\ws\rs\javax.ws.rs-api\2.0.1\javax.ws.rs-api-2.0.1.jar;C:\java_projects\mvn_repo\org\glassfish\jersey\core\jersey-common\2.24.1\jersey-common-2.24.1.jar;C:\java_projects\mvn_repo\javax\annotation\javax.annotation-api\1.2\javax.annotation-api-1.2.jar;C:\java_projects\mvn_repo\org\glassfish\jersey\bundles\repackaged\jersey-guava\2.24.1\jersey-guava-2.24.1.jar;C:\java_projects\mvn_repo\org\glassfish\hk2\hk2-api\2.5.0-b05\hk2-api-2.5.0-b05.jar;C:\java_projects\mvn_repo\org\glassfish\hk2\hk2-utils\2.5.0-b05\hk2-utils-2.5.0-b05.jar;C:\java_projects\mvn_repo\org\glassfish\hk2\external\aopalliance-repackaged\2.5.0-b05\aopalliance-repackaged-2.5.0-b05.jar;C:\java_projects\mvn_repo\org\glassfish\hk2\external\javax.inject\2.5.0-b05\javax.inject-2.5.0-b05.jar;C:\java_projects\mvn_repo\org\glassfish\hk2\hk2-locator\2.5.0-b05\hk2-locator-2.5.0-b05.jar;C:\java_projects\mvn_repo\org\javassist\javassist\3.20.0-GA\javassist-3.20.0-GA.jar;C:\java_projects\mvn_repo\org\glassfish\jersey\media\jersey-media-jaxb\2.24.1\jersey-media-jaxb-2.24.1.jar;C:\java_projects\mvn_repo\org\glassfish\hk2\osgi-resource-locator\1.0.1\osgi-resource-locator-1.0.1.jar;C:\java_projects\mvn_repo\org\glassfish\jersey\media\jersey-media-multipart\2.24.1\jersey-media-multipart-2.24.1.jar;C:\java_projects\mvn_repo\org\jvnet\mimepull\mimepull\1.9.6\mimepull-1.9.6.jar;C:\java_projects\mvn_repo\net\sourceforge\csvjdbc\csvjdbc\1.0.34\csvjdbc-1.0.34.jar;C:\java_projects\mvn_repo\com\opencsv\opencsv\4.2\opencsv-4.2.jar;C:\java_projects\mvn_repo\org\apache\commons\commons-text\1.3\commons-text-1.3.jar;C:\java_projects\mvn_repo\commons-beanutils\commons-beanutils\1.9.3\commons-beanutils-1.9.3.jar;C:\java_projects\mvn_repo\commons-logging\commons-logging\1.2\commons-logging-1.2.jar;C:\java_projects\mvn_repo\commons-collections\commons-collections\3.2.2\commons-collections-3.2.2.jar;C:\java_projects\mvn_repo\org\json\json\20180813\json-20180813.jar;C:\java_projects\mvn_repo\org\tomdz\maven\sphinx-maven-plugin\1.0.3\sphinx-maven-plugin-1.0.3.jar;C:\java_projects\mvn_repo\org\apache\maven\reporting\maven-reporting-api\3.0\maven-reporting-api-3.0.jar;C:\java_projects\mvn_repo\org\apache\maven\doxia\doxia-sink-api\1.0\doxia-sink-api-1.0.jar;C:\java_projects\mvn_repo\org\apache\maven\reporting\maven-reporting-impl\2.0.5\maven-reporting-impl-2.0.5.jar;C:\java_projects\mvn_repo\org\apache\maven\maven-project\2.0.6\maven-project-2.0.6.jar;C:\java_projects\mvn_repo\org\apache\maven\maven-profile\2.0.6\maven-profile-2.0.6.jar;C:\java_projects\mvn_repo\org\apache\maven\maven-artifact-manager\2.0.6\maven-artifact-manager-2.0.6.jar;C:\java_projects\mvn_repo\org\apache\maven\wagon\wagon-provider-api\1.0-beta-2\wagon-provider-api-1.0-beta-2.jar;C:\java_projects\mvn_repo\org\apache\maven\maven-plugin-registry\2.0.6\maven-plugin-registry-2.0.6.jar;C:\java_projects\mvn_repo\org\apache\maven\doxia\doxia-core\1.0\doxia-core-1.0.jar;C:\java_projects\mvn_repo\org\apache\maven\doxia\doxia-site-renderer\1.0\doxia-site-renderer-1.0.jar;C:\java_projects\mvn_repo\org\codehaus\plexus\plexus-i18n\1.0-beta-7\plexus-i18n-1.0-beta-7.jar;C:\java_projects\mvn_repo\org\codehaus\plexus\plexus-velocity\1.1.7\plexus-velocity-1.1.7.jar;C:\java_projects\mvn_repo\org\apache\velocity\velocity\1.5\velocity-1.5.jar;C:\java_projects\mvn_repo\commons-lang\commons-lang\2.1\commons-lang-2.1.jar;C:\java_projects\mvn_repo\org\apache\maven\doxia\doxia-decoration-model\1.0\doxia-decoration-model-1.0.jar;C:\java_projects\mvn_repo\org\apache\maven\doxia\doxia-module-apt\1.0\doxia-module-apt-1.0.jar;C:\java_projects\mvn_repo\org\apache\maven\doxia\doxia-module-fml\1.0\doxia-module-fml-1.0.jar;C:\java_projects\mvn_repo\org\apache\maven\doxia\doxia-module-xdoc\1.0\doxia-module-xdoc-1.0.jar;C:\java_projects\mvn_repo\org\apache\maven\doxia\doxia-module-xhtml\1.0\doxia-module-xhtml-1.0.jar;C:\java_projects\mvn_repo\org\apache\maven\shared\maven-doxia-tools\1.0.2\maven-doxia-tools-1.0.2.jar;C:\java_projects\mvn_repo\commons-validator\commons-validator\1.2.0\commons-validator-1.2.0.jar;C:\java_projects\mvn_repo\commons-digester\commons-digester\1.6\commons-digester-1.6.jar;C:\java_projects\mvn_repo\oro\oro\2.0.8\oro-2.0.8.jar;C:\java_projects\mvn_repo\org\apache\maven\maven-plugin-descriptor\2.2.1\maven-plugin-descriptor-2.2.1.jar;C:\java_projects\mvn_repo\org\codehaus\plexus\plexus-container-default\1.0-alpha-9-stable-1\plexus-container-default-1.0-alpha-9-stable-1.jar;C:\java_projects\mvn_repo\classworlds\classworlds\1.1-alpha-2\classworlds-1.1-alpha-2.jar;C:\java_projects\mvn_repo\org\apache\commons\commons-compress\1.1\commons-compress-1.1.jar;C:\java_projects\mvn_repo\org\python\jython-standalone\2.5.2\jython-standalone-2.5.2.jar;C:\java_projects\mvn_repo\com\fasterxml\jackson\core\jackson-databind\2.9.9.3\jackson-databind-2.9.9.3.jar;C:\java_projects\mvn_repo\com\fasterxml\jackson\core\jackson-annotations\2.9.0\jackson-annotations-2.9.0.jar;C:\java_projects\mvn_repo\com\fasterxml\jackson\core\jackson-core\2.9.9\jackson-core-2.9.9.jar;C:\java_projects\mvn_repo\com\googlecode\json-simple\json-simple\1.1.1\json-simple-1.1.1.jar;C:\java_projects\mvn_repo\junit\junit\4.10\junit-4.10.jar;C:\java_projects\mvn_repo\org\hamcrest\hamcrest-core\1.1\hamcrest-core-1.1.jar;C:\java_projects\mvn_repo\com\monitorjbl\xlsx-streamer\2.1.0\xlsx-streamer-2.1.0.jar;C:\java_projects\mvn_repo\com\rackspace\apache\xerces2-xsd11\2.11.1\xerces2-xsd11-2.11.1.jar;C:\java_projects\mvn_repo\com\rackspace\eclipse\webtools\sourceediting\org.eclipse.wst.xml.xpath2.processor\2.1.100\org.eclipse.wst.xml.xpath2.processor-2.1.100.jar;C:\java_projects\mvn_repo\edu\princeton\cup\java-cup\10k\java-cup-10k.jar;C:\java_projects\mvn_repo\com\ibm\icu\icu4j\4.6\icu4j-4.6.jar;C:\java_projects\mvn_repo\xml-resolver\xml-resolver\1.2\xml-resolver-1.2.jar;C:\java_projects\mvn_repo\xml-apis\xml-apis\1.4.01\xml-apis-1.4.01.jar;C:\java_projects\mvn_repo\org\slf4j\slf4j-api\1.7.25\slf4j-api-1.7.25.jar;C:\java_projects\mvn_repo\org\apache\maven\surefire\surefire-testng-utils\2.22.0\surefire-testng-utils-2.22.0.jar;C:\java_projects\mvn_repo\org\apache\maven\surefire\surefire-grouper\2.22.0\surefire-grouper-2.22.0.jar;"/>
    <property name="java.vm.vendor" value="Oracle Corporation"/>
    <property name="sun.arch.data.model" value="64"/>
    <property name="user.variant" value=""/>
    <property name="java.vendor.url" value="http://java.oracle.com/"/>
    <property name="user.timezone" value="America/New_York"/>
    <property name="java.vm.specification.version" value="1.8"/>
    <property name="browserName" value=""/>
    <property name="os.name" value="Windows 7"/>
    <property name="user.country" value="US"/>
    <property name="sun.java.launcher" value="SUN_STANDARD"/>
    <property name="sun.boot.library.path" value="C:\Program Files\Java\jdk1.8.0_221\jre\bin"/>
    <property name="sun.java.command" value="C:\Users\VKRUGL~1\AppData\Local\Temp\surefire4692003772540313969\surefirebooter8557180579694785052.jar C:\Users\vkruglyak\AppData\Local\Temp\surefire4692003772540313969 2019-09-23T11-57-00_500-jvmRun1 surefire3267610860359409585tmp surefire_01579936276765787498tmp"/>
    <property name="surefire.test.class.path" value="c:\java_projects\opencart\target\test-classes;c:\java_projects\opencart\target\classes;C:\java_projects\mvn_repo\org\apache\maven\plugins\maven-compiler-plugin\3.8.0\maven-compiler-plugin-3.8.0.jar;C:\java_projects\mvn_repo\org\apache\maven\maven-plugin-api\3.0\maven-plugin-api-3.0.jar;C:\java_projects\mvn_repo\org\apache\maven\maven-model\3.0\maven-model-3.0.jar;C:\java_projects\mvn_repo\org\sonatype\sisu\sisu-inject-plexus\1.4.2\sisu-inject-plexus-1.4.2.jar;C:\java_projects\mvn_repo\org\sonatype\sisu\sisu-inject-bean\1.4.2\sisu-inject-bean-1.4.2.jar;C:\java_projects\mvn_repo\org\sonatype\sisu\sisu-guice\2.1.7\sisu-guice-2.1.7-noaop.jar;C:\java_projects\mvn_repo\org\apache\maven\maven-artifact\3.0\maven-artifact-3.0.jar;C:\java_projects\mvn_repo\org\codehaus\plexus\plexus-utils\2.0.4\plexus-utils-2.0.4.jar;C:\java_projects\mvn_repo\org\apache\maven\maven-core\3.0\maven-core-3.0.jar;C:\java_projects\mvn_repo\org\apache\maven\maven-settings\3.0\maven-settings-3.0.jar;C:\java_projects\mvn_repo\org\apache\maven\maven-settings-builder\3.0\maven-settings-builder-3.0.jar;C:\java_projects\mvn_repo\org\apache\maven\maven-repository-metadata\3.0\maven-repository-metadata-3.0.jar;C:\java_projects\mvn_repo\org\apache\maven\maven-model-builder\3.0\maven-model-builder-3.0.jar;C:\java_projects\mvn_repo\org\apache\maven\maven-aether-provider\3.0\maven-aether-provider-3.0.jar;C:\java_projects\mvn_repo\org\sonatype\aether\aether-impl\1.7\aether-impl-1.7.jar;C:\java_projects\mvn_repo\org\sonatype\aether\aether-spi\1.7\aether-spi-1.7.jar;C:\java_projects\mvn_repo\org\sonatype\aether\aether-api\1.7\aether-api-1.7.jar;C:\java_projects\mvn_repo\org\sonatype\aether\aether-util\1.7\aether-util-1.7.jar;C:\java_projects\mvn_repo\org\codehaus\plexus\plexus-interpolation\1.14\plexus-interpolation-1.14.jar;C:\java_projects\mvn_repo\org\codehaus\plexus\plexus-classworlds\2.2.3\plexus-classworlds-2.2.3.jar;C:\java_projects\mvn_repo\org\codehaus\plexus\plexus-component-annotations\1.5.5\plexus-component-annotations-1.5.5.jar;C:\java_projects\mvn_repo\org\sonatype\plexus\plexus-sec-dispatcher\1.3\plexus-sec-dispatcher-1.3.jar;C:\java_projects\mvn_repo\org\sonatype\plexus\plexus-cipher\1.4\plexus-cipher-1.4.jar;C:\java_projects\mvn_repo\org\apache\maven\shared\maven-shared-utils\3.2.1\maven-shared-utils-3.2.1.jar;C:\java_projects\mvn_repo\org\apache\maven\shared\maven-shared-incremental\1.1\maven-shared-incremental-1.1.jar;C:\java_projects\mvn_repo\org\codehaus\plexus\plexus-java\0.9.10\plexus-java-0.9.10.jar;C:\java_projects\mvn_repo\org\ow2\asm\asm\6.2\asm-6.2.jar;C:\java_projects\mvn_repo\com\thoughtworks\qdox\qdox\2.0-M8\qdox-2.0-M8.jar;C:\java_projects\mvn_repo\org\codehaus\plexus\plexus-compiler-api\2.8.4\plexus-compiler-api-2.8.4.jar;C:\java_projects\mvn_repo\org\codehaus\plexus\plexus-compiler-manager\2.8.4\plexus-compiler-manager-2.8.4.jar;C:\java_projects\mvn_repo\org\codehaus\plexus\plexus-compiler-javac\2.8.4\plexus-compiler-javac-2.8.4.jar;C:\java_projects\mvn_repo\org\testng\testng\6.14.3\testng-6.14.3.jar;C:\java_projects\mvn_repo\com\beust\jcommander\1.72\jcommander-1.72.jar;C:\java_projects\mvn_repo\org\apache-extras\beanshell\bsh\2.0b6\bsh-2.0b6.jar;C:\java_projects\mvn_repo\org\seleniumhq\selenium\selenium-java\3.141.59\selenium-java-3.141.59.jar;C:\java_projects\mvn_repo\org\seleniumhq\selenium\selenium-api\3.141.59\selenium-api-3.141.59.jar;C:\java_projects\mvn_repo\org\seleniumhq\selenium\selenium-chrome-driver\3.141.59\selenium-chrome-driver-3.141.59.jar;C:\java_projects\mvn_repo\org\seleniumhq\selenium\selenium-edge-driver\3.141.59\selenium-edge-driver-3.141.59.jar;C:\java_projects\mvn_repo\org\seleniumhq\selenium\selenium-firefox-driver\3.141.59\selenium-firefox-driver-3.141.59.jar;C:\java_projects\mvn_repo\org\seleniumhq\selenium\selenium-ie-driver\3.141.59\selenium-ie-driver-3.141.59.jar;C:\java_projects\mvn_repo\org\seleniumhq\selenium\selenium-opera-driver\3.141.59\selenium-opera-driver-3.141.59.jar;C:\java_projects\mvn_repo\org\seleniumhq\selenium\selenium-remote-driver\3.141.59\selenium-remote-driver-3.141.59.jar;C:\java_projects\mvn_repo\org\seleniumhq\selenium\selenium-safari-driver\3.141.59\selenium-safari-driver-3.141.59.jar;C:\java_projects\mvn_repo\org\seleniumhq\selenium\selenium-support\3.141.59\selenium-support-3.141.59.jar;C:\java_projects\mvn_repo\net\bytebuddy\byte-buddy\1.8.15\byte-buddy-1.8.15.jar;C:\java_projects\mvn_repo\org\apache\commons\commons-exec\1.3\commons-exec-1.3.jar;C:\java_projects\mvn_repo\com\google\guava\guava\25.0-jre\guava-25.0-jre.jar;C:\java_projects\mvn_repo\com\google\code\findbugs\jsr305\1.3.9\jsr305-1.3.9.jar;C:\java_projects\mvn_repo\org\checkerframework\checker-compat-qual\2.0.0\checker-compat-qual-2.0.0.jar;C:\java_projects\mvn_repo\com\google\errorprone\error_prone_annotations\2.1.3\error_prone_annotations-2.1.3.jar;C:\java_projects\mvn_repo\com\google\j2objc\j2objc-annotations\1.1\j2objc-annotations-1.1.jar;C:\java_projects\mvn_repo\org\codehaus\mojo\animal-sniffer-annotations\1.14\animal-sniffer-annotations-1.14.jar;C:\java_projects\mvn_repo\com\squareup\okhttp3\okhttp\3.11.0\okhttp-3.11.0.jar;C:\java_projects\mvn_repo\com\squareup\okio\okio\1.14.0\okio-1.14.0.jar;C:\java_projects\mvn_repo\org\apache\poi\poi-ooxml\3.17\poi-ooxml-3.17.jar;C:\java_projects\mvn_repo\org\apache\poi\poi-ooxml-schemas\3.17\poi-ooxml-schemas-3.17.jar;C:\java_projects\mvn_repo\org\apache\xmlbeans\xmlbeans\2.6.0\xmlbeans-2.6.0.jar;C:\java_projects\mvn_repo\stax\stax-api\1.0.1\stax-api-1.0.1.jar;C:\java_projects\mvn_repo\com\github\virtuald\curvesapi\1.04\curvesapi-1.04.jar;C:\java_projects\mvn_repo\org\apache\poi\poi\3.17\poi-3.17.jar;C:\java_projects\mvn_repo\commons-codec\commons-codec\1.10\commons-codec-1.10.jar;C:\java_projects\mvn_repo\org\apache\commons\commons-collections4\4.1\commons-collections4-4.1.jar;C:\java_projects\mvn_repo\commons-io\commons-io\2.6\commons-io-2.6.jar;C:\java_projects\mvn_repo\com\relevantcodes\extentreports\2.40.2\extentreports-2.40.2.jar;C:\java_projects\mvn_repo\org\jsoup\jsoup\1.8.3\jsoup-1.8.3.jar;C:\java_projects\mvn_repo\org\xerial\sqlite-jdbc\3.8.11.1\sqlite-jdbc-3.8.11.1.jar;C:\java_projects\mvn_repo\org\freemarker\freemarker\2.3.23\freemarker-2.3.23.jar;C:\java_projects\mvn_repo\com\agiletestware\bumblebee-annotations\0.0.9\bumblebee-annotations-0.0.9.jar;C:\java_projects\mvn_repo\com\agiletestware\bumblebee-shared\0.1.0\bumblebee-shared-0.1.0.jar;C:\java_projects\mvn_repo\com\google\code\gson\gson\2.6.2\gson-2.6.2.jar;C:\java_projects\mvn_repo\org\seleniumhq\selenium\selenium-server\2.53.1\selenium-server-2.53.1.jar;C:\java_projects\mvn_repo\org\bouncycastle\bcprov-jdk15on\1.48\bcprov-jdk15on-1.48.jar;C:\java_projects\mvn_repo\org\bouncycastle\bcpkix-jdk15on\1.48\bcpkix-jdk15on-1.48.jar;C:\java_projects\mvn_repo\mx4j\mx4j-tools\3.0.1\mx4j-tools-3.0.1.jar;C:\java_projects\mvn_repo\org\seleniumhq\selenium\jetty-repacked\9.2.13.v20150730\jetty-repacked-9.2.13.v20150730.jar;C:\java_projects\mvn_repo\javax\servlet\javax.servlet-api\3.1.0\javax.servlet-api-3.1.0.jar;C:\java_projects\mvn_repo\org\seleniumhq\selenium\jetty-rc-repacked\5\jetty-rc-repacked-5.jar;C:\java_projects\mvn_repo\net\jcip\jcip-annotations\1.0\jcip-annotations-1.0.jar;C:\java_projects\mvn_repo\org\yaml\snakeyaml\1.8\snakeyaml-1.8.jar;C:\java_projects\mvn_repo\org\apache\commons\commons-lang3\3.8.1\commons-lang3-3.8.1.jar;C:\java_projects\mvn_repo\log4j\log4j\1.2.17\log4j-1.2.17.jar;C:\java_projects\mvn_repo\org\glassfish\jersey\core\jersey-client\2.24.1\jersey-client-2.24.1.jar;C:\java_projects\mvn_repo\javax\ws\rs\javax.ws.rs-api\2.0.1\javax.ws.rs-api-2.0.1.jar;C:\java_projects\mvn_repo\org\glassfish\jersey\core\jersey-common\2.24.1\jersey-common-2.24.1.jar;C:\java_projects\mvn_repo\javax\annotation\javax.annotation-api\1.2\javax.annotation-api-1.2.jar;C:\java_projects\mvn_repo\org\glassfish\jersey\bundles\repackaged\jersey-guava\2.24.1\jersey-guava-2.24.1.jar;C:\java_projects\mvn_repo\org\glassfish\hk2\hk2-api\2.5.0-b05\hk2-api-2.5.0-b05.jar;C:\java_projects\mvn_repo\org\glassfish\hk2\hk2-utils\2.5.0-b05\hk2-utils-2.5.0-b05.jar;C:\java_projects\mvn_repo\org\glassfish\hk2\external\aopalliance-repackaged\2.5.0-b05\aopalliance-repackaged-2.5.0-b05.jar;C:\java_projects\mvn_repo\org\glassfish\hk2\external\javax.inject\2.5.0-b05\javax.inject-2.5.0-b05.jar;C:\java_projects\mvn_repo\org\glassfish\hk2\hk2-locator\2.5.0-b05\hk2-locator-2.5.0-b05.jar;C:\java_projects\mvn_repo\org\javassist\javassist\3.20.0-GA\javassist-3.20.0-GA.jar;C:\java_projects\mvn_repo\org\glassfish\jersey\media\jersey-media-jaxb\2.24.1\jersey-media-jaxb-2.24.1.jar;C:\java_projects\mvn_repo\org\glassfish\hk2\osgi-resource-locator\1.0.1\osgi-resource-locator-1.0.1.jar;C:\java_projects\mvn_repo\org\glassfish\jersey\media\jersey-media-multipart\2.24.1\jersey-media-multipart-2.24.1.jar;C:\java_projects\mvn_repo\org\jvnet\mimepull\mimepull\1.9.6\mimepull-1.9.6.jar;C:\java_projects\mvn_repo\net\sourceforge\csvjdbc\csvjdbc\1.0.34\csvjdbc-1.0.34.jar;C:\java_projects\mvn_repo\com\opencsv\opencsv\4.2\opencsv-4.2.jar;C:\java_projects\mvn_repo\org\apache\commons\commons-text\1.3\commons-text-1.3.jar;C:\java_projects\mvn_repo\commons-beanutils\commons-beanutils\1.9.3\commons-beanutils-1.9.3.jar;C:\java_projects\mvn_repo\commons-logging\commons-logging\1.2\commons-logging-1.2.jar;C:\java_projects\mvn_repo\commons-collections\commons-collections\3.2.2\commons-collections-3.2.2.jar;C:\java_projects\mvn_repo\org\json\json\20180813\json-20180813.jar;C:\java_projects\mvn_repo\org\tomdz\maven\sphinx-maven-plugin\1.0.3\sphinx-maven-plugin-1.0.3.jar;C:\java_projects\mvn_repo\org\apache\maven\reporting\maven-reporting-api\3.0\maven-reporting-api-3.0.jar;C:\java_projects\mvn_repo\org\apache\maven\doxia\doxia-sink-api\1.0\doxia-sink-api-1.0.jar;C:\java_projects\mvn_repo\org\apache\maven\reporting\maven-reporting-impl\2.0.5\maven-reporting-impl-2.0.5.jar;C:\java_projects\mvn_repo\org\apache\maven\maven-project\2.0.6\maven-project-2.0.6.jar;C:\java_projects\mvn_repo\org\apache\maven\maven-profile\2.0.6\maven-profile-2.0.6.jar;C:\java_projects\mvn_repo\org\apache\maven\maven-artifact-manager\2.0.6\maven-artifact-manager-2.0.6.jar;C:\java_projects\mvn_repo\org\apache\maven\wagon\wagon-provider-api\1.0-beta-2\wagon-provider-api-1.0-beta-2.jar;C:\java_projects\mvn_repo\org\apache\maven\maven-plugin-registry\2.0.6\maven-plugin-registry-2.0.6.jar;C:\java_projects\mvn_repo\org\apache\maven\doxia\doxia-core\1.0\doxia-core-1.0.jar;C:\java_projects\mvn_repo\org\apache\maven\doxia\doxia-site-renderer\1.0\doxia-site-renderer-1.0.jar;C:\java_projects\mvn_repo\org\codehaus\plexus\plexus-i18n\1.0-beta-7\plexus-i18n-1.0-beta-7.jar;C:\java_projects\mvn_repo\org\codehaus\plexus\plexus-velocity\1.1.7\plexus-velocity-1.1.7.jar;C:\java_projects\mvn_repo\org\apache\velocity\velocity\1.5\velocity-1.5.jar;C:\java_projects\mvn_repo\commons-lang\commons-lang\2.1\commons-lang-2.1.jar;C:\java_projects\mvn_repo\org\apache\maven\doxia\doxia-decoration-model\1.0\doxia-decoration-model-1.0.jar;C:\java_projects\mvn_repo\org\apache\maven\doxia\doxia-module-apt\1.0\doxia-module-apt-1.0.jar;C:\java_projects\mvn_repo\org\apache\maven\doxia\doxia-module-fml\1.0\doxia-module-fml-1.0.jar;C:\java_projects\mvn_repo\org\apache\maven\doxia\doxia-module-xdoc\1.0\doxia-module-xdoc-1.0.jar;C:\java_projects\mvn_repo\org\apache\maven\doxia\doxia-module-xhtml\1.0\doxia-module-xhtml-1.0.jar;C:\java_projects\mvn_repo\org\apache\maven\shared\maven-doxia-tools\1.0.2\maven-doxia-tools-1.0.2.jar;C:\java_projects\mvn_repo\commons-validator\commons-validator\1.2.0\commons-validator-1.2.0.jar;C:\java_projects\mvn_repo\commons-digester\commons-digester\1.6\commons-digester-1.6.jar;C:\java_projects\mvn_repo\oro\oro\2.0.8\oro-2.0.8.jar;C:\java_projects\mvn_repo\org\apache\maven\maven-plugin-descriptor\2.2.1\maven-plugin-descriptor-2.2.1.jar;C:\java_projects\mvn_repo\org\codehaus\plexus\plexus-container-default\1.0-alpha-9-stable-1\plexus-container-default-1.0-alpha-9-stable-1.jar;C:\java_projects\mvn_repo\classworlds\classworlds\1.1-alpha-2\classworlds-1.1-alpha-2.jar;C:\java_projects\mvn_repo\org\apache\commons\commons-compress\1.1\commons-compress-1.1.jar;C:\java_projects\mvn_repo\org\python\jython-standalone\2.5.2\jython-standalone-2.5.2.jar;C:\java_projects\mvn_repo\com\fasterxml\jackson\core\jackson-databind\2.9.9.3\jackson-databind-2.9.9.3.jar;C:\java_projects\mvn_repo\com\fasterxml\jackson\core\jackson-annotations\2.9.0\jackson-annotations-2.9.0.jar;C:\java_projects\mvn_repo\com\fasterxml\jackson\core\jackson-core\2.9.9\jackson-core-2.9.9.jar;C:\java_projects\mvn_repo\com\googlecode\json-simple\json-simple\1.1.1\json-simple-1.1.1.jar;C:\java_projects\mvn_repo\junit\junit\4.10\junit-4.10.jar;C:\java_projects\mvn_repo\org\hamcrest\hamcrest-core\1.1\hamcrest-core-1.1.jar;C:\java_projects\mvn_repo\com\monitorjbl\xlsx-streamer\2.1.0\xlsx-streamer-2.1.0.jar;C:\java_projects\mvn_repo\com\rackspace\apache\xerces2-xsd11\2.11.1\xerces2-xsd11-2.11.1.jar;C:\java_projects\mvn_repo\com\rackspace\eclipse\webtools\sourceediting\org.eclipse.wst.xml.xpath2.processor\2.1.100\org.eclipse.wst.xml.xpath2.processor-2.1.100.jar;C:\java_projects\mvn_repo\edu\princeton\cup\java-cup\10k\java-cup-10k.jar;C:\java_projects\mvn_repo\com\ibm\icu\icu4j\4.6\icu4j-4.6.jar;C:\java_projects\mvn_repo\xml-resolver\xml-resolver\1.2\xml-resolver-1.2.jar;C:\java_projects\mvn_repo\xml-apis\xml-apis\1.4.01\xml-apis-1.4.01.jar;C:\java_projects\mvn_repo\org\slf4j\slf4j-api\1.7.25\slf4j-api-1.7.25.jar;C:\java_projects\mvn_repo\org\apache\maven\surefire\surefire-testng-utils\2.22.0\surefire-testng-utils-2.22.0.jar;C:\java_projects\mvn_repo\org\apache\maven\surefire\surefire-grouper\2.22.0\surefire-grouper-2.22.0.jar;"/>
    <property name="sun.cpu.endian" value="little"/>
    <property name="user.home" value="C:\Users\vkruglyak"/>
    <property name="user.language" value="en"/>
    <property name="java.specification.vendor" value="Oracle Corporation"/>
    <property name="java.home" value="C:\Program Files\Java\jdk1.8.0_221\jre"/>
    <property name="basedir" value="c:\java_projects\opencart"/>
    <property name="file.separator" value="\"/>
    <property name="line.separator" value="&#10;"/>
    <property name="java.vm.specification.vendor" value="Oracle Corporation"/>
    <property name="java.specification.name" value="Java Platform API Specification"/>
    <property name="java.awt.graphicsenv" value="sun.awt.Win32GraphicsEnvironment"/>
    <property name="surefire.real.class.path" value="C:\Users\VKRUGL~1\AppData\Local\Temp\surefire4692003772540313969\surefirebooter8557180579694785052.jar"/>
    <property name="sun.boot.class.path" value="C:\Program Files\Java\jdk1.8.0_221\jre\lib\resources.jar;C:\Program Files\Java\jdk1.8.0_221\jre\lib\rt.jar;C:\Program Files\Java\jdk1.8.0_221\jre\lib\sunrsasign.jar;C:\Program Files\Java\jdk1.8.0_221\jre\lib\jsse.jar;C:\Program Files\Java\jdk1.8.0_221\jre\lib\jce.jar;C:\Program Files\Java\jdk1.8.0_221\jre\lib\charsets.jar;C:\Program Files\Java\jdk1.8.0_221\jre\lib\jfr.jar;C:\Program Files\Java\jdk1.8.0_221\jre\classes"/>
    <property name="user.script" value=""/>
    <property name="sun.management.compiler" value="HotSpot 64-Bit Tiered Compilers"/>
    <property name="java.runtime.version" value="1.8.0_221-b11"/>
    <property name="user.name" value="vkruglyak"/>
    <property name="path.separator" value=";"/>
    <property name="os.version" value="6.1"/>
    <property name="java.endorsed.dirs" value="C:\Program Files\Java\jdk1.8.0_221\jre\lib\endorsed"/>
    <property name="java.runtime.name" value="Java(TM) SE Runtime Environment"/>
    <property name="file.encoding" value="Cp1252"/>
    <property name="java.vm.name" value="Java HotSpot(TM) 64-Bit Server VM"/>
    <property name="localRepository" value="C:\java_projects\mvn_repo"/>
    <property name="java.vendor.url.bug" value="http://bugreport.sun.com/bugreport/"/>
    <property name="java.io.tmpdir" value="C:\Users\VKRUGL~1\AppData\Local\Temp\"/>
    <property name="java.version" value="1.8.0_221"/>
    <property name="user.dir" value="c:\java_projects\opencart"/>
    <property name="os.arch" value="amd64"/>
    <property name="java.vm.specification.name" value="Java Virtual Machine Specification"/>
    <property name="java.awt.printerjob" value="sun.awt.windows.WPrinterJob"/>
    <property name="sun.os.patch.level" value="Service Pack 1"/>
    <property name="environment" value=""/>
    <property name="java.library.path" value="C:\Program Files\Java\jdk1.8.0_221\jre\bin;C:\windows\Sun\Java\bin;C:\windows\system32;C:\windows;C:\Program Files (x86)\Common Files\Oracle\Java\javapath;C:\ProgramData\Oracle\Java\javapath;C:\Informatica\9.6.1\clients\tools\datadirect;C:\Informatica\9.6.1\clients\tools\odbcdrv;C:\Informatica\9.6.1\clients\tools\jdbcdrv;C:\Informatica\9.1.0\DataTransformation\bin;C:\Informatica\9.1.0\clients\tools\datadirect;C:\Informatica\9.1.0\clients\DeveloperClient\bin;C:\Informatica\9.1.0\clients\java\jre\bin\server;C:\app\vkruglyak\product\11.2.0\dbhome_1\bin;C:\windows\system32;C:\windows;C:\windows\System32\Wbem;C:\windows\System32\WindowsPowerShell\v1.0\;C:\maven\bin;C:\Program Files\NetIQ\SecureLogin\;C:\Program Files\Microsoft SQL Server\110\Tools\Binn\;C:\Program Files (x86)\Microsoft SQL Server\110\Tools\Binn\ManagementStudio\;C:\Program Files (x86)\Microsoft SQL Server\110\Tools\Binn\;C:\Program Files (x86)\Microsoft SQL Server\110\DTS\Binn\;C:\Program Files (x86)\Microsoft Visual Studio 10.0\Common7\IDE\PrivateAssemblies\;C:\Program Files (x86)\HP\Unified Functional Testing\bin;C:\Program Files (x86)\Android\android-sdk\platforms;C:\java_projects\node-v6.11.1-win-x64\node-v6.11.1-win-x64;C:\Android\sdk\platform-tools;C:\Android\sdk\tools;C:\Android\sdk\build-tools\25.0.3;%M2_HOME%\bin;C:\Program Files (x86)\Microsoft SQL Server\Client SDK\ODBC\130\Tools\Binn\;C:\Program Files (x86)\Microsoft SQL Server\140\Tools\Binn\;C:\Program Files (x86)\Microsoft SQL Server\140\DTS\Binn\;C:\Program Files (x86)\Microsoft SQL Server\140\Tools\Binn\ManagementStudio\;C:\Program Files\MySQL\MySQL Utilities 1.6\;C:\Program Files\MySQL\MySQL Server 5.7\bin;C:\Program Files\Java\jdk1.8.0_221\bin;."/>
    <property name="java.vm.info" value="mixed mode"/>
    <property name="java.vendor" value="Oracle Corporation"/>
    <property name="java.vm.version" value="25.221-b11"/>
    <property name="java.ext.dirs" value="C:\Program Files\Java\jdk1.8.0_221\jre\lib\ext;C:\windows\Sun\Java\lib\ext"/>
    <property name="sun.io.unicode.encoding" value="UnicodeLittle"/>
    <property name="java.class.version" value="52.0"/>
  </properties>
  <testcase name="LoginToStore" classname="accountManagement.TestLoginFunctionality" time="7.391"/>
  <testcase name="LoginToStore" classname="accountManagement.TestLoginFunctionality" time="0">
    <skipped message="Skip the test"/>
    <system-out><![CDATA[Test Method resides in accountManagement.TestLoginFunctionality
Test Method had the following parameters : 
Test Method had the following parameters : [Ljava.lang.Object;@7a356a0d
Test Status: Pass
2019-09-23 11:57:19 INFO  TestBase:438 - ------LoginToStore - test Started ------
2019-09-23 11:57:19 INFO  TestBase:341 - Navigate to base URL
2019-09-23 11:57:19 INFO  WebEventListener:26 - Before navigating to : 'http://usablackcaviar.com/'
2019-09-23 11:57:19 INFO  WebEventListener:30 - Navigated to:'http://usablackcaviar.com/'
2019-09-23 11:57:19 INFO  TestBase:1004 - Validation of run mode flag
]]></system-out>
  </testcase>
</testsuite>