<?xml version="1.0" encoding="UTF-8"?>
<!-- Generated by org.testng.reporters.JUnitReportReporter -->
<testsuite skipped="1" hostname="T2UA3520Q89" name="accountManagement.TestLoginFunctionality" tests="2" failures="0" timestamp="23 Sep 2019 15:57:21 GMT" time="7.403" errors="0">
  <testcase name="LoginToStore" time="0.010" classname="accountManagement.TestLoginFunctionality">
    <skipped/>
  </testcase> <!-- LoginToStore -->
  <testcase name="LoginToStore" time="7.393" classname="accountManagement.TestLoginFunctionality"/>
</testsuite> <!-- accountManagement.TestLoginFunctionality -->
