<?xml version="1.0" encoding="UTF-8"?>
<!-- Generated by org.testng.reporters.JUnitReportReporter -->
<testsuite skipped="1" hostname="DESKTOP-GOJ5L9I" name="accountManagement.TestLoginFunctionality" tests="2" failures="0" timestamp="26 Sep 2019 00:22:46 GMT" time="5.010" errors="0">
  <testcase name="LoginToStore" time="0.023" classname="accountManagement.TestLoginFunctionality">
    <skipped/>
  </testcase> <!-- LoginToStore -->
  <testcase name="LoginToStore" time="4.987" classname="accountManagement.TestLoginFunctionality"/>
</testsuite> <!-- accountManagement.TestLoginFunctionality -->
