<?xml version="1.0" encoding="UTF-8"?>
<!-- Generated by org.testng.reporters.JUnitReportReporter -->
<testsuite skipped="3" hostname="DESKTOP-GOJ5L9I" name="accountManagement.TestLoginFunctionality" tests="5" failures="1" timestamp="26 Sep 2019 15:43:51 GMT" time="13.698" errors="0">
  <testcase name="LoginToStore" time="2.184" classname="accountManagement.TestLoginFunctionality">
    <skipped/>
  </testcase> <!-- LoginToStore -->
  <testcase name="LoginToStore" time="2.458" classname="accountManagement.TestLoginFunctionality">
    <skipped/>
  </testcase> <!-- LoginToStore -->
  <testcase name="LoginToStore" time="2.509" classname="accountManagement.TestLoginFunctionality">
    <failure type="org.junit.ComparisonFailure" message="expected:&lt;[Account Login]&gt; but was:&lt;[My Account]&gt;">
      <![CDATA[org.junit.ComparisonFailure: expected:<[Account Login]> but was:<[My Account]>
at org.junit.Assert.assertEquals(Assert.java:125)
at org.junit.Assert.assertEquals(Assert.java:147)
at accountManagement.TestLoginFunctionality.LoginToStore(TestLoginFunctionality.java:37)
at sun.reflect.NativeMethodAccessorImpl.invoke0(Native Method)
at sun.reflect.NativeMethodAccessorImpl.invoke(NativeMethodAccessorImpl.java:62)
at sun.reflect.DelegatingMethodAccessorImpl.invoke(DelegatingMethodAccessorImpl.java:43)
at java.lang.reflect.Method.invoke(Method.java:498)
at org.testng.internal.MethodInvocationHelper.invokeMethod(MethodInvocationHelper.java:124)
at org.testng.internal.Invoker.invokeMethod(Invoker.java:583)
at org.testng.internal.Invoker.retryFailed(Invoker.java:839)
at org.testng.internal.Invoker.invokeTestMethods(Invoker.java:1010)
at org.testng.internal.TestMethodWorker.invokeTestMethods(TestMethodWorker.java:125)
at org.testng.internal.TestMethodWorker.run(TestMethodWorker.java:109)
at org.testng.TestRunner.privateRun(TestRunner.java:648)
at org.testng.TestRunner.run(TestRunner.java:505)
at org.testng.SuiteRunner.runTest(SuiteRunner.java:455)
at org.testng.SuiteRunner.runSequentially(SuiteRunner.java:450)
at org.testng.SuiteRunner.privateRun(SuiteRunner.java:415)
at org.testng.SuiteRunner.run(SuiteRunner.java:364)
at org.testng.SuiteRunnerWorker.runSuite(SuiteRunnerWorker.java:52)
at org.testng.SuiteRunnerWorker.run(SuiteRunnerWorker.java:84)
at org.testng.TestNG.runSuitesSequentially(TestNG.java:1208)
at org.testng.TestNG.runSuitesLocally(TestNG.java:1137)
at org.testng.TestNG.runSuites(TestNG.java:1049)
at org.testng.TestNG.run(TestNG.java:1017)
at org.apache.maven.surefire.testng.TestNGExecutor.run(TestNGExecutor.java:283)
at org.apache.maven.surefire.testng.TestNGXmlTestSuite.execute(TestNGXmlTestSuite.java:75)
at org.apache.maven.surefire.testng.TestNGProvider.invoke(TestNGProvider.java:120)
at org.apache.maven.surefire.booter.ForkedBooter.invokeProviderInSameClassLoader(ForkedBooter.java:383)
at org.apache.maven.surefire.booter.ForkedBooter.runSuitesInProcess(ForkedBooter.java:344)
at org.apache.maven.surefire.booter.ForkedBooter.execute(ForkedBooter.java:125)
at org.apache.maven.surefire.booter.ForkedBooter.main(ForkedBooter.java:417)
]]>
    </failure>
  </testcase> <!-- LoginToStore -->
  <testcase name="LoginToStore" time="2.311" classname="accountManagement.TestLoginFunctionality">
    <skipped/>
  </testcase> <!-- LoginToStore -->
  <testcase name="LoginToStore" time="4.236" classname="accountManagement.TestLoginFunctionality"/>
</testsuite> <!-- accountManagement.TestLoginFunctionality -->
